{"meta": {"format": 3, "version": "7.6.1", "timestamp": "2026-01-18T01:13:24.336474", "branch_coverage": true, "show_contexts": false}, "files": {"src/ckpt_compress/utils/data_loader.py": {"executed_lines": [1, 7, 8, 9, 10, 12, 13, 14, 15, 20, 49, 117, 185, 186, 192, 226, 229, 242, 334, 432, 433, 443, 459, 461, 462, 463, 464, 466, 467, 469, 470, 476, 477, 480, 482, 484, 485, 487, 488, 491, 494, 495, 496, 498, 499, 500, 501, 503, 504, 505, 506, 509, 510, 512, 513, 514, 516, 518, 519, 520, 522, 523, 524, 525, 526, 528, 530, 532, 534, 536, 537, 538, 539, 542, 543, 544, 546, 548, 549, 551, 552, 554, 555, 556, 557, 558, 560, 561, 563, 564, 566, 567, 568, 571, 573, 575, 576, 578, 588, 590, 593, 596, 597, 599, 602, 610, 611, 613, 620, 625, 628, 650, 653, 660, 668, 669, 670, 672, 673, 674, 677, 685, 693], "summary": {"covered_lines": 120, "num_statements": 222, "percent_covered": 51.34228187919463, "percent_covered_display": "51", "missing_lines": 102, "excluded_lines": 0, "num_branches": 76, "num_partial_branches": 1, "covered_branches": 33, "missing_branches": 43}, "missing_lines": [16, 17, 31, 32, 34, 41, 46, 71, 74, 81, 89, 90, 91, 93, 94, 95, 98, 106, 114, 139, 142, 149, 157, 158, 159, 161, 162, 163, 166, 174, 182, 199, 200, 201, 204, 205, 207, 208, 209, 211, 212, 215, 216, 219, 220, 221, 223, 224, 227, 230, 231, 233, 235, 270, 271, 276, 277, 278, 283, 286, 288, 289, 290, 293, 298, 300, 301, 303, 304, 305, 307, 308, 311, 319, 320, 323, 331, 367, 368, 373, 374, 375, 380, 383, 385, 386, 387, 390, 395, 397, 398, 400, 401, 402, 405, 406, 409, 417, 418, 421, 429, 540], "excluded_lines": [], "executed_branches": [[466, 467], [466, 469], [469, 470], [469, 476], [494, 495], [494, 498], [519, 520], [519, 522], [524, 525], [524, 528], [534, 536], [534, 546], [537, 538], [537, 573], [539, 542], [543, 537], [543, 544], [546, 548], [546, 571], [551, 552], [551, 554], [555, 556], [555, 573], [557, 558], [557, 560], [563, 564], [563, 566], [596, 597], [596, 599], [668, 669], [668, 672], [672, 673], [672, 677]], "missing_branches": [[89, 90], [89, 93], [93, 94], [93, 98], [157, 158], [157, 161], [161, 162], [161, 166], [207, 208], [207, 219], [208, 209], [208, 211], [215, 207], [215, 216], [219, -192], [219, 220], [223, 219], [223, 224], [270, 271], [270, 276], [277, 278], [277, 283], [286, 288], [286, 307], [289, 290], [289, 293], [300, 301], [300, 303], [319, 320], [319, 323], [367, 368], [367, 373], [374, 375], [374, 380], [383, 385], [383, 405], [386, 387], [386, 390], [397, 398], [397, 400], [417, 418], [417, 421], [539, 540]], "functions": {"get_cifar10_transforms": {"executed_lines": [], "summary": {"covered_lines": 0, "num_statements": 5, "percent_covered": 0.0, "percent_covered_display": "0", "missing_lines": 5, "excluded_lines": 0, "num_branches": 0, "num_partial_branches": 0, "covered_branches": 0, "missing_branches": 0}, "missing_lines": [31, 32, 34, 41, 46], "excluded_lines": [], "executed_branches": [], "missing_branches": []}, "get_cifar10_loaders": {"executed_lines": [], "summary": {"covered_lines": 0, "num_statements": 12, "percent_covered": 0.0, "percent_covered_display": "0", "missing_lines": 12, "excluded_lines": 0, "num_branches": 4, "num_partial_branches": 0, "covered_branches": 0, "missing_branches": 4}, "missing_lines": [71, 74, 81, 89, 90, 91, 93, 94, 95, 98, 106, 114], "excluded_lines": [], "executed_branches": [], "missing_branches": [[89, 90], [89, 93], [93, 94], [93, 98]]}, "get_cifar100_loaders": {"executed_lines": [], "summary": {"covered_lines": 0, "num_statements": 12, "percent_covered": 0.0, "percent_covered_display": "0", "missing_lines": 12, "excluded_lines": 0, "num_branches": 4, "num_partial_branches": 0, "covered_branches": 0, "missing_branches": 4}, "missing_lines": [139, 142, 149, 157, 158, 159, 161, 162, 163, 166, 174, 182], "excluded_lines": [], "executed_branches": [], "missing_branches": [[157, 158], [157, 161], [161, 162], [161, 166]]}, "WikiText2Dataset.__init__": {"executed_lines": [], "summary": {"covered_lines": 0, "num_statements": 17, "percent_covered": 0.0, "percent_covered_display": "0", "missing_lines": 17, "excluded_lines": 0, "num_branches": 10, "num_partial_branches": 0, "covered_branches": 0, "missing_branches": 10}, "missing_lines": [199, 200, 201, 204, 205, 207, 208, 209, 211, 212, 215, 216, 219, 220, 221, 223, 224], "excluded_lines": [], "executed_branches": [], "missing_branches": [[207, 208], [207, 219], [208, 209], [208, 211], [215, 207], [215, 216], [219, -192], [219, 220], [223, 219], [223, 224]]}, "WikiText2Dataset.__len__": {"executed_lines": [], "summary": {"covered_lines": 0, "num_statements": 1, "percent_covered": 0.0, "percent_covered_display": "0", "missing_lines": 1, "excluded_lines": 0, "num_branches": 0, "num_partial_branches": 0, "covered_branches": 0, "missing_branches": 0}, "missing_lines": [227], "excluded_lines": [], "executed_branches": [], "missing_branches": []}, "WikiText2Dataset.__getitem__": {"executed_lines": [], "summary": {"covered_lines": 0, "num_statements": 4, "percent_covered": 0.0, "percent_covered_display": "0", "missing_lines": 4, "excluded_lines": 0, "num_branches": 0, "num_partial_branches": 0, "covered_branches": 0, "missing_branches": 0}, "missing_lines": [230, 231, 233, 235], "excluded_lines": [], "executed_branches": [], "missing_branches": []}, "get_wikitext2_dataloader": {"executed_lines": [], "summary": {"covered_lines": 0, "num_statements": 24, "percent_covered": 0.0, "percent_covered_display": "0", "missing_lines": 24, "excluded_lines": 0, "num_branches": 12, "num_partial_branches": 0, "covered_branches": 0, "missing_branches": 12}, "missing_lines": [270, 271, 276, 277, 278, 283, 286, 288, 289, 290, 293, 298, 300, 301, 303, 304, 305, 307, 308, 311, 319, 320, 323, 331], "excluded_lines": [], "executed_branches": [], "missing_branches": [[270, 271], [270, 276], [277, 278], [277, 283], [286, 288], [286, 307], [289, 290], [289, 293], [300, 301], [300, 303], [319, 320], [319, 323]]}, "get_wikitext103_dataloader": {"executed_lines": [], "summary": {"covered_lines": 0, "num_statements": 24, "percent_covered": 0.0, "percent_covered_display": "0", "missing_lines": 24, "excluded_lines": 0, "num_branches": 12, "num_partial_branches": 0, "covered_branches": 0, "missing_branches": 12}, "missing_lines": [367, 368, 373, 374, 375, 380, 383, 385, 386, 387, 390, 395, 397, 398, 400, 401, 402, 405, 406, 409, 417, 418, 421, 429], "excluded_lines": [], "executed_branches": [], "missing_branches": [[367, 368], [367, 373], [374, 375], [374, 380], [383, 385], [383, 405], [386, 387], [386, 390], [397, 398], [397, 400], [417, 418], [417, 421]]}, "TinyImageNetDataset.__init__": {"executed_lines": [459, 461, 462, 463, 464, 466, 467, 469, 470, 476, 477, 480], "summary": {"covered_lines": 12, "num_statements": 12, "percent_covered": 100.0, "percent_covered_display": "100", "missing_lines": 0, "excluded_lines": 0, "num_branches": 4, "num_partial_branches": 0, "covered_branches": 4, "missing_branches": 0}, "missing_lines": [], "excluded_lines": [], "executed_branches": [[466, 467], [466, 469], [469, 470], [469, 476]], "missing_branches": []}, "TinyImageNetDataset._download": {"executed_lines": [484, 485, 487, 488, 491, 494, 495, 496, 498, 499, 500, 501, 503, 504, 505, 506, 509, 510, 512, 513, 514], "summary": {"covered_lines": 21, "num_statements": 21, "percent_covered": 100.0, "percent_covered_display": "100", "missing_lines": 0, "excluded_lines": 0, "num_branches": 2, "num_partial_branches": 0, "covered_branches": 2, "missing_branches": 0}, "missing_lines": [], "excluded_lines": [], "executed_branches": [[494, 495], [494, 498]], "missing_branches": []}, "TinyImageNetDataset._load_class_mapping": {"executed_lines": [518, 519, 520, 522, 523, 524, 525, 526, 528], "summary": {"covered_lines": 9, "num_statements": 9, "percent_covered": 100.0, "percent_covered_display": "100", "missing_lines": 0, "excluded_lines": 0, "num_branches": 4, "num_partial_branches": 0, "covered_branches": 4, "missing_branches": 0}, "missing_lines": [], "excluded_lines": [], "executed_branches": [[519, 520], [519, 522], [524, 525], [524, 528]], "missing_branches": []}, "TinyImageNetDataset._load_samples": {"executed_lines": [532, 534, 536, 537, 538, 539, 542, 543, 544, 546, 548, 549, 551, 552, 554, 555, 556, 557, 558, 560, 561, 563, 564, 566, 567, 568, 571, 573], "summary": {"covered_lines": 28, "num_statements": 29, "percent_covered": 95.74468085106383, "percent_covered_display": "96", "missing_lines": 1, "excluded_lines": 0, "num_branches": 18, "num_partial_branches": 1, "covered_branches": 17, "missing_branches": 1}, "missing_lines": [540], "excluded_lines": [], "executed_branches": [[534, 536], [534, 546], [537, 538], [537, 573], [539, 542], [543, 537], [543, 544], [546, 548], [546, 571], [551, 552], [551, 554], [555, 556], [555, 573], [557, 558], [557, 560], [563, 564], [563, 566]], "missing_branches": [[539, 540]]}, "TinyImageNetDataset.__len__": {"executed_lines": [576], "summary": {"covered_lines": 1, "num_statements": 1, "percent_covered": 100.0, "percent_covered_display": "100", "missing_lines": 0, "excluded_lines": 0, "num_branches": 0, "num_partial_branches": 0, "covered_branches": 0, "missing_branches": 0}, "missing_lines": [], "excluded_lines": [], "executed_branches": [], "missing_branches": []}, "TinyImageNetDataset.__getitem__": {"executed_lines": [588, 590, 593, 596, 597, 599], "summary": {"covered_lines": 6, "num_statements": 6, "percent_covered": 100.0, "percent_covered_display": "100", "missing_lines": 0, "excluded_lines": 0, "num_branches": 2, "num_partial_branches": 0, "covered_branches": 2, "missing_branches": 0}, "missing_lines": [], "excluded_lines": [], "executed_branches": [[596, 597], [596, 599]], "missing_branches": []}, "get_tiny_imagenet_transforms": {"executed_lines": [610, 611, 613, 620, 625], "summary": {"covered_lines": 5, "num_statements": 5, "percent_covered": 100.0, "percent_covered_display": "100", "missing_lines": 0, "excluded_lines": 0, "num_branches": 0, "num_partial_branches": 0, "covered_branches": 0, "missing_branches": 0}, "missing_lines": [], "excluded_lines": [], "executed_branches": [], "missing_branches": []}, "get_tiny_imagenet_loaders": {"executed_lines": [650, 653, 660, 668, 669, 670, 672, 673, 674, 677, 685, 693], "summary": {"covered_lines": 12, "num_statements": 12, "percent_covered": 100.0, "percent_covered_display": "100", "missing_lines": 0, "excluded_lines": 0, "num_branches": 4, "num_partial_branches": 0, "covered_branches": 4, "missing_branches": 0}, "missing_lines": [], "excluded_lines": [], "executed_branches": [[668, 669], [668, 672], [672, 673], [672, 677]], "missing_branches": []}, "": {"executed_lines": [1, 7, 8, 9, 10, 12, 13, 14, 15, 20, 49, 117, 185, 186, 192, 226, 229, 242, 334, 432, 433, 443, 482, 516, 530, 575, 578, 602, 628], "summary": {"covered_lines": 26, "num_statements": 28, "percent_covered": 92.85714285714286, "percent_covered_display": "93", "missing_lines": 2, "excluded_lines": 0, "num_branches": 0, "num_partial_branches": 0, "covered_branches": 0, "missing_branches": 0}, "missing_lines": [16, 17], "excluded_lines": [], "executed_branches": [], "missing_branches": []}}, "classes": {"WikiText2Dataset": {"executed_lines": [], "summary": {"covered_lines": 0, "num_statements": 22, "percent_covered": 0.0, "percent_covered_display": "0", "missing_lines": 22, "excluded_lines": 0, "num_branches": 10, "num_partial_branches": 0, "covered_branches": 0, "missing_branches": 10}, "missing_lines": [199, 200, 201, 204, 205, 207, 208, 209, 211, 212, 215, 216, 219, 220, 221, 223, 224, 227, 230, 231, 233, 235], "excluded_lines": [], "executed_branches": [], "missing_branches": [[207, 208], [207, 219], [208, 209], [208, 211], [215, 207], [215, 216], [219, -192], [219, 220], [223, 219], [223, 224]]}, "TinyImageNetDataset": {"executed_lines": [459, 461, 462, 463, 464, 466, 467, 469, 470, 476, 477, 480, 484, 485, 487, 488, 491, 494, 495, 496, 498, 499, 500, 501, 503, 504, 505, 506, 509, 510, 512, 513, 514, 518, 519, 520, 522, 523, 524, 525, 526, 528, 532, 534, 536, 537, 538, 539, 542, 543, 544, 546, 548, 549, 551, 552, 554, 555, 556, 557, 558, 560, 561, 563, 564, 566, 567, 568, 571, 573, 576, 588, 590, 593, 596, 597, 599], "summary": {"covered_lines": 77, "num_statements": 78, "percent_covered": 98.14814814814815, "percent_covered_display": "98", "missing_lines": 1, "excluded_lines": 0, "num_branches": 30, "num_partial_branches": 1, "covered_branches": 29, "missing_branches": 1}, "missing_lines": [540], "excluded_lines": [], "executed_branches": [[466, 467], [466, 469], [469, 470], [469, 476], [494, 495], [494, 498], [519, 520], [519, 522], [524, 525], [524, 528], [534, 536], [534, 546], [537, 538], [537, 573], [539, 542], [543, 537], [543, 544], [546, 548], [546, 571], [551, 552], [551, 554], [555, 556], [555, 573], [557, 558], [557, 560], [563, 564], [563, 566], [596, 597], [596, 599]], "missing_branches": [[539, 540]]}, "": {"executed_lines": [1, 7, 8, 9, 10, 12, 13, 14, 15, 20, 49, 117, 185, 186, 192, 226, 229, 242, 334, 432, 433, 443, 482, 516, 530, 575, 578, 602, 610, 611, 613, 620, 625, 628, 650, 653, 660, 668, 669, 670, 672, 673, 674, 677, 685, 693], "summary": {"covered_lines": 43, "num_statements": 122, "percent_covered": 29.746835443037973, "percent_covered_display": "30", "missing_lines": 79, "excluded_lines": 0, "num_branches": 36, "num_partial_branches": 0, "covered_branches": 4, "missing_branches": 32}, "missing_lines": [16, 17, 31, 32, 34, 41, 46, 71, 74, 81, 89, 90, 91, 93, 94, 95, 98, 106, 114, 139, 142, 149, 157, 158, 159, 161, 162, 163, 166, 174, 182, 270, 271, 276, 277, 278, 283, 286, 288, 289, 290, 293, 298, 300, 301, 303, 304, 305, 307, 308, 311, 319, 320, 323, 331, 367, 368, 373, 374, 375, 380, 383, 385, 386, 387, 390, 395, 397, 398, 400, 401, 402, 405, 406, 409, 417, 418, 421, 429], "excluded_lines": [], "executed_branches": [[668, 669], [668, 672], [672, 673], [672, 677]], "missing_branches": [[89, 90], [89, 93], [93, 94], [93, 98], [157, 158], [157, 161], [161, 162], [161, 166], [270, 271], [270, 276], [277, 278], [277, 283], [286, 288], [286, 307], [289, 290], [289, 293], [300, 301], [300, 303], [319, 320], [319, 323], [367, 368], [367, 373], [374, 375], [374, 380], [383, 385], [383, 405], [386, 387], [386, 390], [397, 398], [397, 400], [417, 418], [417, 421]]}}}}, "totals": {"covered_lines": 120, "num_statements": 222, "percent_covered": 51.34228187919463, "percent_covered_display": "51", "missing_lines": 102, "excluded_lines": 0, "num_branches": 76, "num_partial_branches": 1, "covered_branches": 33, "missing_branches": 43}}